2012-08-21 22:02:52 Error: [MissingControllerException] Controller class PostsController could not be found.
#0 /home/bill/test/app/webroot/index.php(92): Dispatcher->dispatch(Object(CakeRequest), Object(CakeResponse))
#1 /home/bill/test/index.php(42): require('/home/bill/test...')
#2 {main}
2012-08-21 22:04:36 Error: [MissingDatasourceConfigException] The datasource configuration "default" was not found in database.php
#0 /home/bill/test/lib/Cake/Model/ConnectionManager.php(94): ConnectionManager::_getConnectionObject('default')
#1 /home/bill/test/lib/Cake/Model/Model.php(3158): ConnectionManager::getDataSource('default')
#2 /home/bill/test/lib/Cake/Model/Model.php(1092): Model->setDataSource('default')
#3 /home/bill/test/lib/Cake/Model/Model.php(3180): Model->setSource('posts')
#4 /home/bill/test/lib/Cake/Model/Model.php(2631): Model->getDataSource()
#5 /home/bill/test/app/Controller/PostsController.php(5): Model->find('all')
#6 [internal function]: PostsController->index()
#7 /home/bill/test/lib/Cake/Controller/Controller.php(485): ReflectionMethod->invokeArgs(Object(PostsController), Array)
#8 /home/bill/test/lib/Cake/Routing/Dispatcher.php(186): Controller->invokeAction(Object(CakeRequest))
#9 /home/bill/test/lib/Cake/Routing/Dispatcher.php(161): Dispatcher->_invoke(Object(PostsController), Object(CakeRequest), Object(CakeResponse))
#10 /home/bill/test/app/webroot/index.php(92): Dispatcher->dispatch(Object(CakeRequest), Object(CakeResponse))
#11 /home/bill/test/index.php(42): require('/home/bill/test...')
#12 {main}
2012-08-21 22:07:07 Error: [MissingDatasourceConfigException] The datasource configuration "default" was not found in database.php
#0 /home/bill/test/lib/Cake/Model/ConnectionManager.php(94): ConnectionManager::_getConnectionObject('default')
#1 /home/bill/test/lib/Cake/Model/Model.php(3158): ConnectionManager::getDataSource('default')
#2 /home/bill/test/lib/Cake/Model/Model.php(1092): Model->setDataSource('default')
#3 /home/bill/test/lib/Cake/Model/Model.php(3180): Model->setSource('posts')
#4 /home/bill/test/lib/Cake/Model/Model.php(2631): Model->getDataSource()
#5 /home/bill/test/app/Controller/PostsController.php(5): Model->find('all')
#6 [internal function]: PostsController->index()
#7 /home/bill/test/lib/Cake/Controller/Controller.php(485): ReflectionMethod->invokeArgs(Object(PostsController), Array)
#8 /home/bill/test/lib/Cake/Routing/Dispatcher.php(186): Controller->invokeAction(Object(CakeRequest))
#9 /home/bill/test/lib/Cake/Routing/Dispatcher.php(161): Dispatcher->_invoke(Object(PostsController), Object(CakeRequest), Object(CakeResponse))
#10 /home/bill/test/app/webroot/index.php(92): Dispatcher->dispatch(Object(CakeRequest), Object(CakeResponse))
#11 /home/bill/test/app/index.php(17): require('/home/bill/test...')
#12 {main}
2012-08-21 22:07:08 Error: [MissingDatasourceConfigException] The datasource configuration "default" was not found in database.php
#0 /home/bill/test/lib/Cake/Model/ConnectionManager.php(94): ConnectionManager::_getConnectionObject('default')
#1 /home/bill/test/lib/Cake/Model/Model.php(3158): ConnectionManager::getDataSource('default')
#2 /home/bill/test/lib/Cake/Model/Model.php(1092): Model->setDataSource('default')
#3 /home/bill/test/lib/Cake/Model/Model.php(3180): Model->setSource('posts')
#4 /home/bill/test/lib/Cake/Model/Model.php(2631): Model->getDataSource()
#5 /home/bill/test/app/Controller/PostsController.php(5): Model->find('all')
#6 [internal function]: PostsController->index()
#7 /home/bill/test/lib/Cake/Controller/Controller.php(485): ReflectionMethod->invokeArgs(Object(PostsController), Array)
#8 /home/bill/test/lib/Cake/Routing/Dispatcher.php(186): Controller->invokeAction(Object(CakeRequest))
#9 /home/bill/test/lib/Cake/Routing/Dispatcher.php(161): Dispatcher->_invoke(Object(PostsController), Object(CakeRequest), Object(CakeResponse))
#10 /home/bill/test/app/webroot/index.php(92): Dispatcher->dispatch(Object(CakeRequest), Object(CakeResponse))
#11 /home/bill/test/app/index.php(17): require('/home/bill/test...')
#12 {main}
2012-08-21 22:07:11 Error: [MissingDatasourceConfigException] The datasource configuration "default" was not found in database.php
#0 /home/bill/test/lib/Cake/Model/ConnectionManager.php(94): ConnectionManager::_getConnectionObject('default')
#1 /home/bill/test/lib/Cake/Model/Model.php(3158): ConnectionManager::getDataSource('default')
#2 /home/bill/test/lib/Cake/Model/Model.php(1092): Model->setDataSource('default')
#3 /home/bill/test/lib/Cake/Model/Model.php(3180): Model->setSource('posts')
#4 /home/bill/test/lib/Cake/Model/Model.php(2631): Model->getDataSource()
#5 /home/bill/test/app/Controller/PostsController.php(5): Model->find('all')
#6 [internal function]: PostsController->index()
#7 /home/bill/test/lib/Cake/Controller/Controller.php(485): ReflectionMethod->invokeArgs(Object(PostsController), Array)
#8 /home/bill/test/lib/Cake/Routing/Dispatcher.php(186): Controller->invokeAction(Object(CakeRequest))
#9 /home/bill/test/lib/Cake/Routing/Dispatcher.php(161): Dispatcher->_invoke(Object(PostsController), Object(CakeRequest), Object(CakeResponse))
#10 /home/bill/test/app/webroot/index.php(92): Dispatcher->dispatch(Object(CakeRequest), Object(CakeResponse))
#11 /home/bill/test/app/index.php(17): require('/home/bill/test...')
#12 {main}
2012-08-21 22:07:39 Error: [MissingDatasourceConfigException] The datasource configuration "default" was not found in database.php
#0 /home/bill/test/lib/Cake/Model/ConnectionManager.php(94): ConnectionManager::_getConnectionObject('default')
#1 /home/bill/test/lib/Cake/Model/Model.php(3158): ConnectionManager::getDataSource('default')
#2 /home/bill/test/lib/Cake/Model/Model.php(1092): Model->setDataSource('default')
#3 /home/bill/test/lib/Cake/Model/Model.php(3180): Model->setSource('posts')
#4 /home/bill/test/lib/Cake/Model/Model.php(2631): Model->getDataSource()
#5 /home/bill/test/app/Controller/PostsController.php(5): Model->find('all')
#6 [internal function]: PostsController->index()
#7 /home/bill/test/lib/Cake/Controller/Controller.php(485): ReflectionMethod->invokeArgs(Object(PostsController), Array)
#8 /home/bill/test/lib/Cake/Routing/Dispatcher.php(186): Controller->invokeAction(Object(CakeRequest))
#9 /home/bill/test/lib/Cake/Routing/Dispatcher.php(161): Dispatcher->_invoke(Object(PostsController), Object(CakeRequest), Object(CakeResponse))
#10 /home/bill/test/app/webroot/index.php(92): Dispatcher->dispatch(Object(CakeRequest), Object(CakeResponse))
#11 /home/bill/test/app/index.php(17): require('/home/bill/test...')
#12 {main}
2012-08-21 22:07:44 Error: [MissingDatasourceConfigException] The datasource configuration "default" was not found in database.php
#0 /home/bill/test/lib/Cake/Model/ConnectionManager.php(94): ConnectionManager::_getConnectionObject('default')
#1 /home/bill/test/lib/Cake/Model/Model.php(3158): ConnectionManager::getDataSource('default')
#2 /home/bill/test/lib/Cake/Model/Model.php(1092): Model->setDataSource('default')
#3 /home/bill/test/lib/Cake/Model/Model.php(3180): Model->setSource('posts')
#4 /home/bill/test/lib/Cake/Model/Model.php(2631): Model->getDataSource()
#5 /home/bill/test/app/Controller/PostsController.php(5): Model->find('all')
#6 [internal function]: PostsController->index()
#7 /home/bill/test/lib/Cake/Controller/Controller.php(485): ReflectionMethod->invokeArgs(Object(PostsController), Array)
#8 /home/bill/test/lib/Cake/Routing/Dispatcher.php(186): Controller->invokeAction(Object(CakeRequest))
#9 /home/bill/test/lib/Cake/Routing/Dispatcher.php(161): Dispatcher->_invoke(Object(PostsController), Object(CakeRequest), Object(CakeResponse))
#10 /home/bill/test/app/webroot/index.php(92): Dispatcher->dispatch(Object(CakeRequest), Object(CakeResponse))
#11 /home/bill/test/app/index.php(17): require('/home/bill/test...')
#12 {main}
2012-08-21 22:12:36 Error: [MissingConnectionException] Database connection "SQLSTATE[HY000] [2005] Unknown MySQL server host 'fdb3.awardspace.com ' (1)" is missing, or could not be created.
#0 /home/bill/test/lib/Cake/Model/Datasource/DboSource.php(260): Mysql->connect()
#1 /home/bill/test/lib/Cake/Model/ConnectionManager.php(101): DboSource->__construct(Array)
#2 /home/bill/test/lib/Cake/Model/Model.php(3158): ConnectionManager::getDataSource('default')
#3 /home/bill/test/lib/Cake/Model/Model.php(1092): Model->setDataSource('default')
#4 /home/bill/test/lib/Cake/Model/Model.php(3180): Model->setSource('posts')
#5 /home/bill/test/lib/Cake/Model/Model.php(2631): Model->getDataSource()
#6 /home/bill/test/app/Controller/PostsController.php(5): Model->find('all')
#7 [internal function]: PostsController->index()
#8 /home/bill/test/lib/Cake/Controller/Controller.php(485): ReflectionMethod->invokeArgs(Object(PostsController), Array)
#9 /home/bill/test/lib/Cake/Routing/Dispatcher.php(186): Controller->invokeAction(Object(CakeRequest))
#10 /home/bill/test/lib/Cake/Routing/Dispatcher.php(161): Dispatcher->_invoke(Object(PostsController), Object(CakeRequest), Object(CakeResponse))
#11 /home/bill/test/app/webroot/index.php(92): Dispatcher->dispatch(Object(CakeRequest), Object(CakeResponse))
#12 /home/bill/test/app/index.php(17): require('/home/bill/test...')
#13 {main}
2012-08-21 22:36:34 Error: [MissingConnectionException] Database connection "SQLSTATE[HY000] [2005] Unknown MySQL server host 'fdb3.awardspace.com ' (1)" is missing, or could not be created.
#0 /home/bill/test/lib/Cake/Model/Datasource/DboSource.php(260): Mysql->connect()
#1 /home/bill/test/lib/Cake/Model/ConnectionManager.php(101): DboSource->__construct(Array)
#2 /home/bill/test/lib/Cake/Model/Model.php(3158): ConnectionManager::getDataSource('default')
#3 /home/bill/test/lib/Cake/Model/Model.php(1092): Model->setDataSource('default')
#4 /home/bill/test/lib/Cake/Model/Model.php(3180): Model->setSource('posts')
#5 /home/bill/test/lib/Cake/Model/Model.php(2631): Model->getDataSource()
#6 /home/bill/test/app/Controller/PostsController.php(5): Model->find('all')
#7 [internal function]: PostsController->index()
#8 /home/bill/test/lib/Cake/Controller/Controller.php(485): ReflectionMethod->invokeArgs(Object(PostsController), Array)
#9 /home/bill/test/lib/Cake/Routing/Dispatcher.php(186): Controller->invokeAction(Object(CakeRequest))
#10 /home/bill/test/lib/Cake/Routing/Dispatcher.php(161): Dispatcher->_invoke(Object(PostsController), Object(CakeRequest), Object(CakeResponse))
#11 /home/bill/test/app/webroot/index.php(92): Dispatcher->dispatch(Object(CakeRequest), Object(CakeResponse))
#12 /home/bill/test/index.php(42): require('/home/bill/test...')
#13 {main}
2012-08-22 17:07:13 Error: [MissingControllerException] Controller class Index.phpController could not be found.
#0 /srv/disk9/1128678/www/yifeisun.com/app/webroot/index.php(92): Dispatcher->dispatch(Object(CakeRequest), Object(CakeResponse))
#1 /srv/disk9/1128678/www/yifeisun.com/index.php(42): require('/srv/disk9/1128...')
#2 {main}
2013-01-09 11:17:49 Error: [MissingConnectionException] Database connection "SQLSTATE[HY000] [2003] Can't connect to MySQL server on 'fdb3.awardspace.com' (61)" is missing, or could not be created.
#0 /Applications/MAMP/htdocs/lib/Cake/Model/Datasource/DboSource.php(260): Mysql->connect()
#1 /Applications/MAMP/htdocs/lib/Cake/Model/ConnectionManager.php(101): DboSource->__construct(Array)
#2 /Applications/MAMP/htdocs/lib/Cake/Model/Model.php(3158): ConnectionManager::getDataSource('default')
#3 /Applications/MAMP/htdocs/lib/Cake/Model/Model.php(1092): Model->setDataSource('default')
#4 /Applications/MAMP/htdocs/lib/Cake/Model/Model.php(3180): Model->setSource('posts')
#5 /Applications/MAMP/htdocs/lib/Cake/Model/Model.php(2631): Model->getDataSource()
#6 /Applications/MAMP/htdocs/app/Controller/PostsController.php(5): Model->find('all')
#7 [internal function]: PostsController->index()
#8 /Applications/MAMP/htdocs/lib/Cake/Controller/Controller.php(485): ReflectionMethod->invokeArgs(Object(PostsController), Array)
#9 /Applications/MAMP/htdocs/lib/Cake/Routing/Dispatcher.php(186): Controller->invokeAction(Object(CakeRequest))
#10 /Applications/MAMP/htdocs/lib/Cake/Routing/Dispatcher.php(161): Dispatcher->_invoke(Object(PostsController), Object(CakeRequest), Object(CakeResponse))
#11 /Applications/MAMP/htdocs/app/webroot/index.php(92): Dispatcher->dispatch(Object(CakeRequest), Object(CakeResponse))
#12 /Applications/MAMP/htdocs/index.php(42): require('/Applications/M...')
#13 {main}
2013-01-09 11:23:28 Error: [MissingConnectionException] Database connection "SQLSTATE[HY000] [2005] Unknown MySQL server host 'localhost:8889' (2)" is missing, or could not be created.
#0 /Applications/MAMP/htdocs/lib/Cake/Model/Datasource/DboSource.php(260): Mysql->connect()
#1 /Applications/MAMP/htdocs/lib/Cake/Model/ConnectionManager.php(101): DboSource->__construct(Array)
#2 /Applications/MAMP/htdocs/lib/Cake/Model/Model.php(3158): ConnectionManager::getDataSource('default')
#3 /Applications/MAMP/htdocs/lib/Cake/Model/Model.php(1092): Model->setDataSource('default')
#4 /Applications/MAMP/htdocs/lib/Cake/Model/Model.php(3180): Model->setSource('posts')
#5 /Applications/MAMP/htdocs/lib/Cake/Model/Model.php(2631): Model->getDataSource()
#6 /Applications/MAMP/htdocs/app/Controller/PostsController.php(5): Model->find('all')
#7 [internal function]: PostsController->index()
#8 /Applications/MAMP/htdocs/lib/Cake/Controller/Controller.php(485): ReflectionMethod->invokeArgs(Object(PostsController), Array)
#9 /Applications/MAMP/htdocs/lib/Cake/Routing/Dispatcher.php(186): Controller->invokeAction(Object(CakeRequest))
#10 /Applications/MAMP/htdocs/lib/Cake/Routing/Dispatcher.php(161): Dispatcher->_invoke(Object(PostsController), Object(CakeRequest), Object(CakeResponse))
#11 /Applications/MAMP/htdocs/app/webroot/index.php(92): Dispatcher->dispatch(Object(CakeRequest), Object(CakeResponse))
#12 /Applications/MAMP/htdocs/index.php(42): require('/Applications/M...')
#13 {main}
2013-01-09 11:23:48 Error: [MissingConnectionException] Database connection "SQLSTATE[HY000] [2005] Unknown MySQL server host '127.0.0.1:8889' (2)" is missing, or could not be created.
#0 /Applications/MAMP/htdocs/lib/Cake/Model/Datasource/DboSource.php(260): Mysql->connect()
#1 /Applications/MAMP/htdocs/lib/Cake/Model/ConnectionManager.php(101): DboSource->__construct(Array)
#2 /Applications/MAMP/htdocs/lib/Cake/Model/Model.php(3158): ConnectionManager::getDataSource('default')
#3 /Applications/MAMP/htdocs/lib/Cake/Model/Model.php(1092): Model->setDataSource('default')
#4 /Applications/MAMP/htdocs/lib/Cake/Model/Model.php(3180): Model->setSource('posts')
#5 /Applications/MAMP/htdocs/lib/Cake/Model/Model.php(2631): Model->getDataSource()
#6 /Applications/MAMP/htdocs/app/Controller/PostsController.php(5): Model->find('all')
#7 [internal function]: PostsController->index()
#8 /Applications/MAMP/htdocs/lib/Cake/Controller/Controller.php(485): ReflectionMethod->invokeArgs(Object(PostsController), Array)
#9 /Applications/MAMP/htdocs/lib/Cake/Routing/Dispatcher.php(186): Controller->invokeAction(Object(CakeRequest))
#10 /Applications/MAMP/htdocs/lib/Cake/Routing/Dispatcher.php(161): Dispatcher->_invoke(Object(PostsController), Object(CakeRequest), Object(CakeResponse))
#11 /Applications/MAMP/htdocs/app/webroot/index.php(92): Dispatcher->dispatch(Object(CakeRequest), Object(CakeResponse))
#12 /Applications/MAMP/htdocs/index.php(42): require('/Applications/M...')
#13 {main}
2013-01-09 11:25:39 Error: [MissingConnectionException] Database connection "SQLSTATE[HY000] [2005] Unknown MySQL server host 'localhosts:8889' (2)" is missing, or could not be created.
#0 /Applications/MAMP/htdocs/lib/Cake/Model/Datasource/DboSource.php(260): Mysql->connect()
#1 /Applications/MAMP/htdocs/lib/Cake/Model/ConnectionManager.php(101): DboSource->__construct(Array)
#2 /Applications/MAMP/htdocs/lib/Cake/Model/Model.php(3158): ConnectionManager::getDataSource('default')
#3 /Applications/MAMP/htdocs/lib/Cake/Model/Model.php(1092): Model->setDataSource('default')
#4 /Applications/MAMP/htdocs/lib/Cake/Model/Model.php(3180): Model->setSource('posts')
#5 /Applications/MAMP/htdocs/lib/Cake/Model/Model.php(2631): Model->getDataSource()
#6 /Applications/MAMP/htdocs/app/Controller/PostsController.php(5): Model->find('all')
#7 [internal function]: PostsController->index()
#8 /Applications/MAMP/htdocs/lib/Cake/Controller/Controller.php(485): ReflectionMethod->invokeArgs(Object(PostsController), Array)
#9 /Applications/MAMP/htdocs/lib/Cake/Routing/Dispatcher.php(186): Controller->invokeAction(Object(CakeRequest))
#10 /Applications/MAMP/htdocs/lib/Cake/Routing/Dispatcher.php(161): Dispatcher->_invoke(Object(PostsController), Object(CakeRequest), Object(CakeResponse))
#11 /Applications/MAMP/htdocs/app/webroot/index.php(92): Dispatcher->dispatch(Object(CakeRequest), Object(CakeResponse))
#12 /Applications/MAMP/htdocs/index.php(42): require('/Applications/M...')
#13 {main}
2013-01-09 11:27:29 Error: [MissingTableException] Table posts for model Post was not found in datasource default.
#0 /Applications/MAMP/htdocs/lib/Cake/Model/Model.php(3180): Model->setSource('posts')
#1 /Applications/MAMP/htdocs/lib/Cake/Model/Model.php(2631): Model->getDataSource()
#2 /Applications/MAMP/htdocs/app/Controller/PostsController.php(5): Model->find('all')
#3 [internal function]: PostsController->index()
#4 /Applications/MAMP/htdocs/lib/Cake/Controller/Controller.php(485): ReflectionMethod->invokeArgs(Object(PostsController), Array)
#5 /Applications/MAMP/htdocs/lib/Cake/Routing/Dispatcher.php(186): Controller->invokeAction(Object(CakeRequest))
#6 /Applications/MAMP/htdocs/lib/Cake/Routing/Dispatcher.php(161): Dispatcher->_invoke(Object(PostsController), Object(CakeRequest), Object(CakeResponse))
#7 /Applications/MAMP/htdocs/app/webroot/index.php(92): Dispatcher->dispatch(Object(CakeRequest), Object(CakeResponse))
#8 /Applications/MAMP/htdocs/index.php(42): require('/Applications/M...')
#9 {main}
2013-01-09 13:37:40 Error: [MissingActionException] Action AppController::webroot() could not be found.
#0 /Applications/MAMP/htdocs/lib/Cake/Routing/Dispatcher.php(186): Controller->invokeAction(Object(CakeRequest))
#1 /Applications/MAMP/htdocs/lib/Cake/Routing/Dispatcher.php(161): Dispatcher->_invoke(Object(AppController), Object(CakeRequest), Object(CakeResponse))
#2 /Applications/MAMP/htdocs/app/webroot/index.php(92): Dispatcher->dispatch(Object(CakeRequest), Object(CakeResponse))
#3 {main}
2013-01-09 13:45:22 Error: [MissingViewException] View file "/Applications/MAMP/htdocs/app/View/Homes/index.ctp" is missing.
#0 /Applications/MAMP/htdocs/lib/Cake/View/View.php(472): View->_getViewFileName(NULL)
#1 /Applications/MAMP/htdocs/lib/Cake/Controller/Controller.php(957): View->render(NULL, NULL)
#2 /Applications/MAMP/htdocs/lib/Cake/Routing/Dispatcher.php(193): Controller->render()
#3 /Applications/MAMP/htdocs/lib/Cake/Routing/Dispatcher.php(161): Dispatcher->_invoke(Object(HomesController), Object(CakeRequest), Object(CakeResponse))
#4 /Applications/MAMP/htdocs/app/webroot/index.php(92): Dispatcher->dispatch(Object(CakeRequest), Object(CakeResponse))
#5 /Applications/MAMP/htdocs/index.php(42): require('/Applications/M...')
#6 {main}
2013-01-09 14:00:34 Error: [MissingViewException] View file "/Applications/MAMP/htdocs/app/View/Homes/index.ctp" is missing.
#0 /Applications/MAMP/htdocs/lib/Cake/View/View.php(472): View->_getViewFileName(NULL)
#1 /Applications/MAMP/htdocs/lib/Cake/Controller/Controller.php(957): View->render(NULL, NULL)
#2 /Applications/MAMP/htdocs/lib/Cake/Routing/Dispatcher.php(193): Controller->render()
#3 /Applications/MAMP/htdocs/lib/Cake/Routing/Dispatcher.php(161): Dispatcher->_invoke(Object(HomesController), Object(CakeRequest), Object(CakeResponse))
#4 /Applications/MAMP/htdocs/app/webroot/index.php(92): Dispatcher->dispatch(Object(CakeRequest), Object(CakeResponse))
#5 /Applications/MAMP/htdocs/index.php(42): require('/Applications/M...')
#6 {main}
2013-01-09 14:03:01 Error: [MissingActionException] Action AppController::webroot() could not be found.
#0 /Applications/MAMP/htdocs/lib/Cake/Routing/Dispatcher.php(186): Controller->invokeAction(Object(CakeRequest))
#1 /Applications/MAMP/htdocs/lib/Cake/Routing/Dispatcher.php(161): Dispatcher->_invoke(Object(AppController), Object(CakeRequest), Object(CakeResponse))
#2 /Applications/MAMP/htdocs/app/webroot/index.php(92): Dispatcher->dispatch(Object(CakeRequest), Object(CakeResponse))
#3 {main}
2013-01-09 14:19:02 Error: [MissingActionException] Action AppController::webroot() could not be found.
#0 /Applications/MAMP/htdocs/lib/Cake/Routing/Dispatcher.php(186): Controller->invokeAction(Object(CakeRequest))
#1 /Applications/MAMP/htdocs/lib/Cake/Routing/Dispatcher.php(161): Dispatcher->_invoke(Object(AppController), Object(CakeRequest), Object(CakeResponse))
#2 /Applications/MAMP/htdocs/app/webroot/index.php(92): Dispatcher->dispatch(Object(CakeRequest), Object(CakeResponse))
#3 {main}
2013-01-09 14:54:36 Error: Fatal Error (1): Call to a member function link() on a non-object in [/Applications/MAMP/htdocs/app/View/Layouts/default.ctp, line 31]
2013-01-09 14:54:36 Error: [FatalErrorException] Call to a member function link() on a non-object
#0 /Applications/MAMP/htdocs/lib/Cake/Error/ErrorHandler.php(162): ErrorHandler::handleFatalError(1, 'Call to a membe...', '/Applications/M...', 31)
#1 [internal function]: ErrorHandler::handleError(1, 'Call to a membe...', '/Applications/M...', 31, Array)
#2 /Applications/MAMP/htdocs/lib/Cake/Core/App.php(926): call_user_func('ErrorHandler::h...', 1, 'Call to a membe...', '/Applications/M...', 31, Array)
#3 /Applications/MAMP/htdocs/lib/Cake/Core/App.php(899): App::_checkFatalError()
#4 [internal function]: App::shutdown()
#5 {main}
2013-01-09 15:07:37 Error: Fatal Error (1): Call to a member function link() on a non-object in [/Applications/MAMP/htdocs/app/View/Layouts/default.ctp, line 32]
2013-01-09 15:07:37 Error: [FatalErrorException] Call to a member function link() on a non-object
#0 /Applications/MAMP/htdocs/lib/Cake/Error/ErrorHandler.php(162): ErrorHandler::handleFatalError(1, 'Call to a membe...', '/Applications/M...', 32)
#1 [internal function]: ErrorHandler::handleError(1, 'Call to a membe...', '/Applications/M...', 32, Array)
#2 /Applications/MAMP/htdocs/lib/Cake/Core/App.php(926): call_user_func('ErrorHandler::h...', 1, 'Call to a membe...', '/Applications/M...', 32, Array)
#3 /Applications/MAMP/htdocs/lib/Cake/Core/App.php(899): App::_checkFatalError()
#4 [internal function]: App::shutdown()
#5 {main}
2013-01-09 15:07:40 Error: Fatal Error (1): Call to a member function link() on a non-object in [/Applications/MAMP/htdocs/app/View/Layouts/default.ctp, line 32]
2013-01-09 15:07:40 Error: [FatalErrorException] Call to a member function link() on a non-object
#0 /Applications/MAMP/htdocs/lib/Cake/Error/ErrorHandler.php(162): ErrorHandler::handleFatalError(1, 'Call to a membe...', '/Applications/M...', 32)
#1 [internal function]: ErrorHandler::handleError(1, 'Call to a membe...', '/Applications/M...', 32, Array)
#2 /Applications/MAMP/htdocs/lib/Cake/Core/App.php(926): call_user_func('ErrorHandler::h...', 1, 'Call to a membe...', '/Applications/M...', 32, Array)
#3 /Applications/MAMP/htdocs/lib/Cake/Core/App.php(899): App::_checkFatalError()
#4 [internal function]: App::shutdown()
#5 {main}
2013-01-09 15:07:46 Error: Fatal Error (1): Call to a member function link() on a non-object in [/Applications/MAMP/htdocs/app/View/Layouts/default.ctp, line 32]
2013-01-09 15:07:46 Error: [FatalErrorException] Call to a member function link() on a non-object
#0 /Applications/MAMP/htdocs/lib/Cake/Error/ErrorHandler.php(162): ErrorHandler::handleFatalError(1, 'Call to a membe...', '/Applications/M...', 32)
#1 [internal function]: ErrorHandler::handleError(1, 'Call to a membe...', '/Applications/M...', 32, Array)
#2 /Applications/MAMP/htdocs/lib/Cake/Core/App.php(926): call_user_func('ErrorHandler::h...', 1, 'Call to a membe...', '/Applications/M...', 32, Array)
#3 /Applications/MAMP/htdocs/lib/Cake/Core/App.php(899): App::_checkFatalError()
#4 [internal function]: App::shutdown()
#5 {main}
2013-01-09 15:07:58 Error: Fatal Error (1): Call to a member function link() on a non-object in [/Applications/MAMP/htdocs/app/View/Layouts/default.ctp, line 32]
2013-01-09 15:07:58 Error: [FatalErrorException] Call to a member function link() on a non-object
#0 /Applications/MAMP/htdocs/lib/Cake/Error/ErrorHandler.php(162): ErrorHandler::handleFatalError(1, 'Call to a membe...', '/Applications/M...', 32)
#1 [internal function]: ErrorHandler::handleError(1, 'Call to a membe...', '/Applications/M...', 32, Array)
#2 /Applications/MAMP/htdocs/lib/Cake/Core/App.php(926): call_user_func('ErrorHandler::h...', 1, 'Call to a membe...', '/Applications/M...', 32, Array)
#3 /Applications/MAMP/htdocs/lib/Cake/Core/App.php(899): App::_checkFatalError()
#4 [internal function]: App::shutdown()
#5 {main}
2013-01-09 15:08:01 Error: Fatal Error (1): Call to a member function link() on a non-object in [/Applications/MAMP/htdocs/app/View/Layouts/default.ctp, line 32]
2013-01-09 15:08:01 Error: [FatalErrorException] Call to a member function link() on a non-object
#0 /Applications/MAMP/htdocs/lib/Cake/Error/ErrorHandler.php(162): ErrorHandler::handleFatalError(1, 'Call to a membe...', '/Applications/M...', 32)
#1 [internal function]: ErrorHandler::handleError(1, 'Call to a membe...', '/Applications/M...', 32, Array)
#2 /Applications/MAMP/htdocs/lib/Cake/Core/App.php(926): call_user_func('ErrorHandler::h...', 1, 'Call to a membe...', '/Applications/M...', 32, Array)
#3 /Applications/MAMP/htdocs/lib/Cake/Core/App.php(899): App::_checkFatalError()
#4 [internal function]: App::shutdown()
#5 {main}
2013-01-09 15:09:13 Error: Fatal Error (1): Call to a member function link() on a non-object in [/Applications/MAMP/htdocs/app/View/Layouts/default.ctp, line 32]
2013-01-09 15:09:13 Error: [FatalErrorException] Call to a member function link() on a non-object
#0 /Applications/MAMP/htdocs/lib/Cake/Error/ErrorHandler.php(162): ErrorHandler::handleFatalError(1, 'Call to a membe...', '/Applications/M...', 32)
#1 [internal function]: ErrorHandler::handleError(1, 'Call to a membe...', '/Applications/M...', 32, Array)
#2 /Applications/MAMP/htdocs/lib/Cake/Core/App.php(926): call_user_func('ErrorHandler::h...', 1, 'Call to a membe...', '/Applications/M...', 32, Array)
#3 /Applications/MAMP/htdocs/lib/Cake/Core/App.php(899): App::_checkFatalError()
#4 [internal function]: App::shutdown()
#5 {main}
2013-01-09 15:09:14 Error: Fatal Error (1): Call to a member function link() on a non-object in [/Applications/MAMP/htdocs/app/View/Layouts/default.ctp, line 32]
2013-01-09 15:09:14 Error: [FatalErrorException] Call to a member function link() on a non-object
#0 /Applications/MAMP/htdocs/lib/Cake/Error/ErrorHandler.php(162): ErrorHandler::handleFatalError(1, 'Call to a membe...', '/Applications/M...', 32)
#1 [internal function]: ErrorHandler::handleError(1, 'Call to a membe...', '/Applications/M...', 32, Array)
#2 /Applications/MAMP/htdocs/lib/Cake/Core/App.php(926): call_user_func('ErrorHandler::h...', 1, 'Call to a membe...', '/Applications/M...', 32, Array)
#3 /Applications/MAMP/htdocs/lib/Cake/Core/App.php(899): App::_checkFatalError()
#4 [internal function]: App::shutdown()
#5 {main}
2013-01-09 15:09:18 Error: Fatal Error (1): Call to a member function link() on a non-object in [/Applications/MAMP/htdocs/app/View/Layouts/default.ctp, line 32]
2013-01-09 15:09:18 Error: [FatalErrorException] Call to a member function link() on a non-object
#0 /Applications/MAMP/htdocs/lib/Cake/Error/ErrorHandler.php(162): ErrorHandler::handleFatalError(1, 'Call to a membe...', '/Applications/M...', 32)
#1 [internal function]: ErrorHandler::handleError(1, 'Call to a membe...', '/Applications/M...', 32, Array)
#2 /Applications/MAMP/htdocs/lib/Cake/Core/App.php(926): call_user_func('ErrorHandler::h...', 1, 'Call to a membe...', '/Applications/M...', 32, Array)
#3 /Applications/MAMP/htdocs/lib/Cake/Core/App.php(899): App::_checkFatalError()
#4 [internal function]: App::shutdown()
#5 {main}
2013-01-09 15:33:20 Error: Fatal Error (1): Call to a member function link() on a non-object in [/Applications/MAMP/htdocs/app/View/Layouts/default.ctp, line 39]
2013-01-09 15:33:20 Error: [FatalErrorException] Call to a member function link() on a non-object
#0 /Applications/MAMP/htdocs/lib/Cake/Error/ErrorHandler.php(162): ErrorHandler::handleFatalError(1, 'Call to a membe...', '/Applications/M...', 39)
#1 [internal function]: ErrorHandler::handleError(1, 'Call to a membe...', '/Applications/M...', 39, Array)
#2 /Applications/MAMP/htdocs/lib/Cake/Core/App.php(926): call_user_func('ErrorHandler::h...', 1, 'Call to a membe...', '/Applications/M...', 39, Array)
#3 /Applications/MAMP/htdocs/lib/Cake/Core/App.php(899): App::_checkFatalError()
#4 [internal function]: App::shutdown()
#5 {main}
2013-01-09 15:33:38 Error: Fatal Error (1): Call to undefined method View::link() in [/Applications/MAMP/htdocs/app/View/Layouts/default.ctp, line 39]
2013-01-09 15:33:38 Error: [FatalErrorException] Call to undefined method View::link()
#0 /Applications/MAMP/htdocs/lib/Cake/Error/ErrorHandler.php(162): ErrorHandler::handleFatalError(1, 'Call to undefin...', '/Applications/M...', 39)
#1 [internal function]: ErrorHandler::handleError(1, 'Call to undefin...', '/Applications/M...', 39, Array)
#2 /Applications/MAMP/htdocs/lib/Cake/Core/App.php(926): call_user_func('ErrorHandler::h...', 1, 'Call to undefin...', '/Applications/M...', 39, Array)
#3 /Applications/MAMP/htdocs/lib/Cake/Core/App.php(899): App::_checkFatalError()
#4 [internal function]: App::shutdown()
#5 {main}
2013-01-09 15:34:25 Error: Fatal Error (1): Call to undefined method View::link() in [/Applications/MAMP/htdocs/app/View/Layouts/default.ctp, line 40]
2013-01-09 15:34:25 Error: [FatalErrorException] Call to undefined method View::link()
#0 /Applications/MAMP/htdocs/lib/Cake/Error/ErrorHandler.php(162): ErrorHandler::handleFatalError(1, 'Call to undefin...', '/Applications/M...', 40)
#1 [internal function]: ErrorHandler::handleError(1, 'Call to undefin...', '/Applications/M...', 40, Array)
#2 /Applications/MAMP/htdocs/lib/Cake/Core/App.php(926): call_user_func('ErrorHandler::h...', 1, 'Call to undefin...', '/Applications/M...', 40, Array)
#3 /Applications/MAMP/htdocs/lib/Cake/Core/App.php(899): App::_checkFatalError()
#4 [internal function]: App::shutdown()
#5 {main}
2013-01-09 15:34:26 Error: Fatal Error (1): Call to undefined method View::link() in [/Applications/MAMP/htdocs/app/View/Layouts/default.ctp, line 40]
2013-01-09 15:34:26 Error: [FatalErrorException] Call to undefined method View::link()
#0 /Applications/MAMP/htdocs/lib/Cake/Error/ErrorHandler.php(162): ErrorHandler::handleFatalError(1, 'Call to undefin...', '/Applications/M...', 40)
#1 [internal function]: ErrorHandler::handleError(1, 'Call to undefin...', '/Applications/M...', 40, Array)
#2 /Applications/MAMP/htdocs/lib/Cake/Core/App.php(926): call_user_func('ErrorHandler::h...', 1, 'Call to undefin...', '/Applications/M...', 40, Array)
#3 /Applications/MAMP/htdocs/lib/Cake/Core/App.php(899): App::_checkFatalError()
#4 [internal function]: App::shutdown()
#5 {main}
2013-01-09 15:34:27 Error: Fatal Error (1): Call to undefined method View::link() in [/Applications/MAMP/htdocs/app/View/Layouts/default.ctp, line 40]
2013-01-09 15:34:27 Error: [FatalErrorException] Call to undefined method View::link()
#0 /Applications/MAMP/htdocs/lib/Cake/Error/ErrorHandler.php(162): ErrorHandler::handleFatalError(1, 'Call to undefin...', '/Applications/M...', 40)
#1 [internal function]: ErrorHandler::handleError(1, 'Call to undefin...', '/Applications/M...', 40, Array)
#2 /Applications/MAMP/htdocs/lib/Cake/Core/App.php(926): call_user_func('ErrorHandler::h...', 1, 'Call to undefin...', '/Applications/M...', 40, Array)
#3 /Applications/MAMP/htdocs/lib/Cake/Core/App.php(899): App::_checkFatalError()
#4 [internal function]: App::shutdown()
#5 {main}
2013-01-09 15:34:31 Error: Fatal Error (1): Call to undefined method View::link() in [/Applications/MAMP/htdocs/app/View/Layouts/default.ctp, line 40]
2013-01-09 15:34:31 Error: [FatalErrorException] Call to undefined method View::link()
#0 /Applications/MAMP/htdocs/lib/Cake/Error/ErrorHandler.php(162): ErrorHandler::handleFatalError(1, 'Call to undefin...', '/Applications/M...', 40)
#1 [internal function]: ErrorHandler::handleError(1, 'Call to undefin...', '/Applications/M...', 40, Array)
#2 /Applications/MAMP/htdocs/lib/Cake/Core/App.php(926): call_user_func('ErrorHandler::h...', 1, 'Call to undefin...', '/Applications/M...', 40, Array)
#3 /Applications/MAMP/htdocs/lib/Cake/Core/App.php(899): App::_checkFatalError()
#4 [internal function]: App::shutdown()
#5 {main}
2013-01-09 15:34:44 Error: Fatal Error (1): Call to a member function link() on a non-object in [/Applications/MAMP/htdocs/app/View/Layouts/default.ctp, line 40]
2013-01-09 15:34:44 Error: [FatalErrorException] Call to a member function link() on a non-object
#0 /Applications/MAMP/htdocs/lib/Cake/Error/ErrorHandler.php(162): ErrorHandler::handleFatalError(1, 'Call to a membe...', '/Applications/M...', 40)
#1 [internal function]: ErrorHandler::handleError(1, 'Call to a membe...', '/Applications/M...', 40, Array)
#2 /Applications/MAMP/htdocs/lib/Cake/Core/App.php(926): call_user_func('ErrorHandler::h...', 1, 'Call to a membe...', '/Applications/M...', 40, Array)
#3 /Applications/MAMP/htdocs/lib/Cake/Core/App.php(899): App::_checkFatalError()
#4 [internal function]: App::shutdown()
#5 {main}
2013-01-09 15:39:20 Error: Fatal Error (1): Call to a member function script() on a non-object in [/Applications/MAMP/htdocs/app/View/Layouts/default.ctp, line 40]
2013-01-09 15:39:20 Error: [FatalErrorException] Call to a member function script() on a non-object
#0 /Applications/MAMP/htdocs/lib/Cake/Error/ErrorHandler.php(162): ErrorHandler::handleFatalError(1, 'Call to a membe...', '/Applications/M...', 40)
#1 [internal function]: ErrorHandler::handleError(1, 'Call to a membe...', '/Applications/M...', 40, Array)
#2 /Applications/MAMP/htdocs/lib/Cake/Core/App.php(926): call_user_func('ErrorHandler::h...', 1, 'Call to a membe...', '/Applications/M...', 40, Array)
#3 /Applications/MAMP/htdocs/lib/Cake/Core/App.php(899): App::_checkFatalError()
#4 [internal function]: App::shutdown()
#5 {main}
2013-01-09 15:39:36 Error: Fatal Error (1): Call to a member function link() on a non-object in [/Applications/MAMP/htdocs/app/View/Layouts/default.ctp, line 41]
2013-01-09 15:39:36 Error: [FatalErrorException] Call to a member function link() on a non-object
#0 /Applications/MAMP/htdocs/lib/Cake/Error/ErrorHandler.php(162): ErrorHandler::handleFatalError(1, 'Call to a membe...', '/Applications/M...', 41)
#1 [internal function]: ErrorHandler::handleError(1, 'Call to a membe...', '/Applications/M...', 41, Array)
#2 /Applications/MAMP/htdocs/lib/Cake/Core/App.php(926): call_user_func('ErrorHandler::h...', 1, 'Call to a membe...', '/Applications/M...', 41, Array)
#3 /Applications/MAMP/htdocs/lib/Cake/Core/App.php(899): App::_checkFatalError()
#4 [internal function]: App::shutdown()
#5 {main}
2013-01-09 15:39:36 Error: [MissingActionException] Action AppController::webroot() could not be found.
#0 /Applications/MAMP/htdocs/lib/Cake/Routing/Dispatcher.php(186): Controller->invokeAction(Object(CakeRequest))
#1 /Applications/MAMP/htdocs/lib/Cake/Routing/Dispatcher.php(161): Dispatcher->_invoke(Object(AppController), Object(CakeRequest), Object(CakeResponse))
#2 /Applications/MAMP/htdocs/app/webroot/index.php(92): Dispatcher->dispatch(Object(CakeRequest), Object(CakeResponse))
#3 {main}
2013-01-09 15:39:36 Error: Fatal Error (1): Call to a member function link() on a non-object in [/Applications/MAMP/htdocs/app/View/Layouts/default.ctp, line 41]
2013-01-09 15:39:36 Error: [FatalErrorException] Call to a member function link() on a non-object
#0 /Applications/MAMP/htdocs/lib/Cake/Error/ErrorHandler.php(162): ErrorHandler::handleFatalError(1, 'Call to a membe...', '/Applications/M...', 41)
#1 [internal function]: ErrorHandler::handleError(1, 'Call to a membe...', '/Applications/M...', 41, Array)
#2 /Applications/MAMP/htdocs/lib/Cake/Core/App.php(926): call_user_func('ErrorHandler::h...', 1, 'Call to a membe...', '/Applications/M...', 41, Array)
#3 /Applications/MAMP/htdocs/lib/Cake/Core/App.php(899): App::_checkFatalError()
#4 [internal function]: App::shutdown()
#5 {main}
2013-01-11 15:44:10 Error: Fatal Error (1): Call to a member function link() on a non-object in [/Applications/MAMP/htdocs/app/View/Layouts/default.ctp, line 41]
2013-01-11 15:44:10 Error: [FatalErrorException] Call to a member function link() on a non-object
#0 /Applications/MAMP/htdocs/lib/Cake/Error/ErrorHandler.php(162): ErrorHandler::handleFatalError(1, 'Call to a membe...', '/Applications/M...', 41)
#1 [internal function]: ErrorHandler::handleError(1, 'Call to a membe...', '/Applications/M...', 41, Array)
#2 /Applications/MAMP/htdocs/lib/Cake/Core/App.php(926): call_user_func('ErrorHandler::h...', 1, 'Call to a membe...', '/Applications/M...', 41, Array)
#3 /Applications/MAMP/htdocs/lib/Cake/Core/App.php(899): App::_checkFatalError()
#4 [internal function]: App::shutdown()
#5 {main}
2013-01-11 15:44:10 Error: [MissingActionException] Action AppController::webroot() could not be found.
#0 /Applications/MAMP/htdocs/lib/Cake/Routing/Dispatcher.php(186): Controller->invokeAction(Object(CakeRequest))
#1 /Applications/MAMP/htdocs/lib/Cake/Routing/Dispatcher.php(161): Dispatcher->_invoke(Object(AppController), Object(CakeRequest), Object(CakeResponse))
#2 /Applications/MAMP/htdocs/app/webroot/index.php(92): Dispatcher->dispatch(Object(CakeRequest), Object(CakeResponse))
#3 {main}
2013-01-11 15:44:10 Error: Fatal Error (1): Call to a member function link() on a non-object in [/Applications/MAMP/htdocs/app/View/Layouts/default.ctp, line 41]
2013-01-11 15:44:10 Error: [FatalErrorException] Call to a member function link() on a non-object
#0 /Applications/MAMP/htdocs/lib/Cake/Error/ErrorHandler.php(162): ErrorHandler::handleFatalError(1, 'Call to a membe...', '/Applications/M...', 41)
#1 [internal function]: ErrorHandler::handleError(1, 'Call to a membe...', '/Applications/M...', 41, Array)
#2 /Applications/MAMP/htdocs/lib/Cake/Core/App.php(926): call_user_func('ErrorHandler::h...', 1, 'Call to a membe...', '/Applications/M...', 41, Array)
#3 /Applications/MAMP/htdocs/lib/Cake/Core/App.php(899): App::_checkFatalError()
#4 [internal function]: App::shutdown()
#5 {main}
2013-01-11 22:04:44 Error: [MissingActionException] Action AppController::webroot() could not be found.
#0 /Applications/MAMP/htdocs/lib/Cake/Routing/Dispatcher.php(186): Controller->invokeAction(Object(CakeRequest))
#1 /Applications/MAMP/htdocs/lib/Cake/Routing/Dispatcher.php(161): Dispatcher->_invoke(Object(AppController), Object(CakeRequest), Object(CakeResponse))
#2 /Applications/MAMP/htdocs/app/webroot/index.php(92): Dispatcher->dispatch(Object(CakeRequest), Object(CakeResponse))
#3 {main}
2013-01-11 22:04:44 Error: [MissingActionException] Action AppController::webroot() could not be found.
#0 /Applications/MAMP/htdocs/lib/Cake/Routing/Dispatcher.php(186): Controller->invokeAction(Object(CakeRequest))
#1 /Applications/MAMP/htdocs/lib/Cake/Routing/Dispatcher.php(161): Dispatcher->_invoke(Object(AppController), Object(CakeRequest), Object(CakeResponse))
#2 /Applications/MAMP/htdocs/app/webroot/index.php(92): Dispatcher->dispatch(Object(CakeRequest), Object(CakeResponse))
#3 {main}
2013-01-11 22:04:44 Error: [MissingActionException] Action AppController::webroot() could not be found.
#0 /Applications/MAMP/htdocs/lib/Cake/Routing/Dispatcher.php(186): Controller->invokeAction(Object(CakeRequest))
#1 /Applications/MAMP/htdocs/lib/Cake/Routing/Dispatcher.php(161): Dispatcher->_invoke(Object(AppController), Object(CakeRequest), Object(CakeResponse))
#2 /Applications/MAMP/htdocs/app/webroot/index.php(92): Dispatcher->dispatch(Object(CakeRequest), Object(CakeResponse))
#3 {main}
2013-01-11 22:04:44 Error: [MissingActionException] Action AppController::webroot() could not be found.
#0 /Applications/MAMP/htdocs/lib/Cake/Routing/Dispatcher.php(186): Controller->invokeAction(Object(CakeRequest))
#1 /Applications/MAMP/htdocs/lib/Cake/Routing/Dispatcher.php(161): Dispatcher->_invoke(Object(AppController), Object(CakeRequest), Object(CakeResponse))
#2 /Applications/MAMP/htdocs/app/webroot/index.php(92): Dispatcher->dispatch(Object(CakeRequest), Object(CakeResponse))
#3 {main}
2013-01-11 22:04:46 Error: [MissingActionException] Action AppController::webroot() could not be found.
#0 /Applications/MAMP/htdocs/lib/Cake/Routing/Dispatcher.php(186): Controller->invokeAction(Object(CakeRequest))
#1 /Applications/MAMP/htdocs/lib/Cake/Routing/Dispatcher.php(161): Dispatcher->_invoke(Object(AppController), Object(CakeRequest), Object(CakeResponse))
#2 /Applications/MAMP/htdocs/app/webroot/index.php(92): Dispatcher->dispatch(Object(CakeRequest), Object(CakeResponse))
#3 {main}
2013-01-18 22:37:54 Error: [MissingActionException] Action AppController::webroot() could not be found.
#0 /Applications/MAMP/htdocs/lib/Cake/Routing/Dispatcher.php(186): Controller->invokeAction(Object(CakeRequest))
#1 /Applications/MAMP/htdocs/lib/Cake/Routing/Dispatcher.php(161): Dispatcher->_invoke(Object(AppController), Object(CakeRequest), Object(CakeResponse))
#2 /Applications/MAMP/htdocs/app/webroot/index.php(92): Dispatcher->dispatch(Object(CakeRequest), Object(CakeResponse))
#3 {main}
2013-01-18 22:37:54 Error: [MissingActionException] Action AppController::webroot() could not be found.
#0 /Applications/MAMP/htdocs/lib/Cake/Routing/Dispatcher.php(186): Controller->invokeAction(Object(CakeRequest))
#1 /Applications/MAMP/htdocs/lib/Cake/Routing/Dispatcher.php(161): Dispatcher->_invoke(Object(AppController), Object(CakeRequest), Object(CakeResponse))
#2 /Applications/MAMP/htdocs/app/webroot/index.php(92): Dispatcher->dispatch(Object(CakeRequest), Object(CakeResponse))
#3 {main}
2013-01-18 22:37:54 Error: [MissingActionException] Action AppController::webroot() could not be found.
#0 /Applications/MAMP/htdocs/lib/Cake/Routing/Dispatcher.php(186): Controller->invokeAction(Object(CakeRequest))
#1 /Applications/MAMP/htdocs/lib/Cake/Routing/Dispatcher.php(161): Dispatcher->_invoke(Object(AppController), Object(CakeRequest), Object(CakeResponse))
#2 /Applications/MAMP/htdocs/app/webroot/index.php(92): Dispatcher->dispatch(Object(CakeRequest), Object(CakeResponse))
#3 {main}
2013-01-18 22:37:54 Error: [MissingActionException] Action AppController::webroot() could not be found.
#0 /Applications/MAMP/htdocs/lib/Cake/Routing/Dispatcher.php(186): Controller->invokeAction(Object(CakeRequest))
#1 /Applications/MAMP/htdocs/lib/Cake/Routing/Dispatcher.php(161): Dispatcher->_invoke(Object(AppController), Object(CakeRequest), Object(CakeResponse))
#2 /Applications/MAMP/htdocs/app/webroot/index.php(92): Dispatcher->dispatch(Object(CakeRequest), Object(CakeResponse))
#3 {main}
2013-01-18 22:37:57 Error: [MissingActionException] Action AppController::webroot() could not be found.
#0 /Applications/MAMP/htdocs/lib/Cake/Routing/Dispatcher.php(186): Controller->invokeAction(Object(CakeRequest))
#1 /Applications/MAMP/htdocs/lib/Cake/Routing/Dispatcher.php(161): Dispatcher->_invoke(Object(AppController), Object(CakeRequest), Object(CakeResponse))
#2 /Applications/MAMP/htdocs/app/webroot/index.php(92): Dispatcher->dispatch(Object(CakeRequest), Object(CakeResponse))
#3 {main}
2013-02-01 21:37:20 Error: [MissingActionException] Action AppController::images() could not be found.
#0 /Applications/MAMP/htdocs/lib/Cake/Routing/Dispatcher.php(186): Controller->invokeAction(Object(CakeRequest))
#1 /Applications/MAMP/htdocs/lib/Cake/Routing/Dispatcher.php(161): Dispatcher->_invoke(Object(AppController), Object(CakeRequest), Object(CakeResponse))
#2 /Applications/MAMP/htdocs/app/webroot/index.php(92): Dispatcher->dispatch(Object(CakeRequest), Object(CakeResponse))
#3 {main}
2013-02-01 21:54:55 Error: [MissingActionException] Action AppController::images() could not be found.
#0 /Applications/MAMP/htdocs/lib/Cake/Routing/Dispatcher.php(186): Controller->invokeAction(Object(CakeRequest))
#1 /Applications/MAMP/htdocs/lib/Cake/Routing/Dispatcher.php(161): Dispatcher->_invoke(Object(AppController), Object(CakeRequest), Object(CakeResponse))
#2 /Applications/MAMP/htdocs/app/webroot/index.php(92): Dispatcher->dispatch(Object(CakeRequest), Object(CakeResponse))
#3 {main}
2013-02-01 21:57:52 Error: [MissingActionException] Action AppController::images() could not be found.
#0 /Applications/MAMP/htdocs/lib/Cake/Routing/Dispatcher.php(186): Controller->invokeAction(Object(CakeRequest))
#1 /Applications/MAMP/htdocs/lib/Cake/Routing/Dispatcher.php(161): Dispatcher->_invoke(Object(AppController), Object(CakeRequest), Object(CakeResponse))
#2 /Applications/MAMP/htdocs/app/webroot/index.php(92): Dispatcher->dispatch(Object(CakeRequest), Object(CakeResponse))
#3 {main}
2013-02-01 22:06:07 Error: [MissingActionException] Action AppController::images() could not be found.
#0 /Applications/MAMP/htdocs/lib/Cake/Routing/Dispatcher.php(186): Controller->invokeAction(Object(CakeRequest))
#1 /Applications/MAMP/htdocs/lib/Cake/Routing/Dispatcher.php(161): Dispatcher->_invoke(Object(AppController), Object(CakeRequest), Object(CakeResponse))
#2 /Applications/MAMP/htdocs/app/webroot/index.php(92): Dispatcher->dispatch(Object(CakeRequest), Object(CakeResponse))
#3 {main}
2013-03-05 17:45:33 Error: [MissingActionException] Action AppController::images() could not be found.
#0 /Applications/MAMP/htdocs/lib/Cake/Routing/Dispatcher.php(186): Controller->invokeAction(Object(CakeRequest))
#1 /Applications/MAMP/htdocs/lib/Cake/Routing/Dispatcher.php(161): Dispatcher->_invoke(Object(AppController), Object(CakeRequest), Object(CakeResponse))
#2 /Applications/MAMP/htdocs/app/webroot/index.php(92): Dispatcher->dispatch(Object(CakeRequest), Object(CakeResponse))
#3 {main}
2013-03-05 18:04:38 Error: [MissingActionException] Action AppController::images() could not be found.
#0 /Applications/MAMP/htdocs/lib/Cake/Routing/Dispatcher.php(186): Controller->invokeAction(Object(CakeRequest))
#1 /Applications/MAMP/htdocs/lib/Cake/Routing/Dispatcher.php(161): Dispatcher->_invoke(Object(AppController), Object(CakeRequest), Object(CakeResponse))
#2 /Applications/MAMP/htdocs/app/webroot/index.php(92): Dispatcher->dispatch(Object(CakeRequest), Object(CakeResponse))
#3 {main}
2013-03-05 18:06:41 Error: [MissingActionException] Action AppController::images() could not be found.
#0 /Applications/MAMP/htdocs/lib/Cake/Routing/Dispatcher.php(186): Controller->invokeAction(Object(CakeRequest))
#1 /Applications/MAMP/htdocs/lib/Cake/Routing/Dispatcher.php(161): Dispatcher->_invoke(Object(AppController), Object(CakeRequest), Object(CakeResponse))
#2 /Applications/MAMP/htdocs/app/webroot/index.php(92): Dispatcher->dispatch(Object(CakeRequest), Object(CakeResponse))
#3 {main}
2013-03-05 18:07:23 Error: [MissingActionException] Action AppController::images() could not be found.
#0 /Applications/MAMP/htdocs/lib/Cake/Routing/Dispatcher.php(186): Controller->invokeAction(Object(CakeRequest))
#1 /Applications/MAMP/htdocs/lib/Cake/Routing/Dispatcher.php(161): Dispatcher->_invoke(Object(AppController), Object(CakeRequest), Object(CakeResponse))
#2 /Applications/MAMP/htdocs/app/webroot/index.php(92): Dispatcher->dispatch(Object(CakeRequest), Object(CakeResponse))
#3 {main}
2013-03-05 18:13:20 Error: [MissingActionException] Action AppController::images() could not be found.
#0 /Applications/MAMP/htdocs/lib/Cake/Routing/Dispatcher.php(186): Controller->invokeAction(Object(CakeRequest))
#1 /Applications/MAMP/htdocs/lib/Cake/Routing/Dispatcher.php(161): Dispatcher->_invoke(Object(AppController), Object(CakeRequest), Object(CakeResponse))
#2 /Applications/MAMP/htdocs/app/webroot/index.php(92): Dispatcher->dispatch(Object(CakeRequest), Object(CakeResponse))
#3 {main}
2013-04-05 21:45:00 Error: [MissingControllerException] Controller class HomeController could not be found.
#0 /Users/sunyifei23/Documents/Github/website/app/webroot/index.php(92): Dispatcher->dispatch(Object(CakeRequest), Object(CakeResponse))
#1 {main}
2013-04-05 21:45:02 Error: [MissingControllerException] Controller class HomeController could not be found.
#0 /Users/sunyifei23/Documents/Github/website/app/webroot/index.php(92): Dispatcher->dispatch(Object(CakeRequest), Object(CakeResponse))
#1 {main}
2013-04-05 21:45:04 Error: [MissingControllerException] Controller class HomeController could not be found.
#0 /Users/sunyifei23/Documents/Github/website/app/webroot/index.php(92): Dispatcher->dispatch(Object(CakeRequest), Object(CakeResponse))
#1 {main}
